2025-05-16T10:50:46.765Z [ITTERM] error: Error ma'lumot
2025-05-16T10:51:04.536Z [ITTERM] error: Error ma'lumot
2025-05-16T10:52:03.866Z [ITTERM] error: Error ma'lumot
2025-05-16T10:52:09.369Z [ITTERM] error: Error ma'lumot
2025-05-16T10:52:33.799Z [ITTERM] error: Error ma'lumot
2025-05-16T10:52:36.846Z [ITTERM] error: unhandledRejection: UnHandledRejection example
Error: UnHandledRejection example
    at D:\Najot ta'lim\Fullstack\node.js\ITTERM\controllers\author.controller.js:140:14
    at new Promise (<anonymous>)
    at loginAuthor (D:\Najot ta'lim\Fullstack\node.js\ITTERM\controllers\author.controller.js:139:5)
    at process.processTicksAndRejections (node:internal/process/task_queues:105:5)
2025-05-16T10:53:06.821Z [ITTERM] error: Error ma'lumot
2025-05-16T10:53:25.334Z [ITTERM] error: Error ma'lumot
2025-05-16T10:54:27.219Z [ITTERM] error: Error ma'lumot
2025-05-16T10:56:36.868Z [ITTERM] error: Error ma'lumot
2025-05-16T10:56:38.522Z [ITTERM] error: Error ma'lumot
2025-05-16T10:56:42.255Z [ITTERM] error: Error ma'lumot
2025-05-16T10:56:47.023Z [ITTERM] error: Error ma'lumot
2025-05-16T10:56:49.757Z [ITTERM] error: Error ma'lumot
2025-05-16T10:57:07.026Z [ITTERM] error: Expected ',' or '}' after property value in JSON at position 41 (line 3 column 5)
2025-05-16T11:00:53.120Z [ITTERM] error: Error ma'lumot
2025-05-16T11:03:00.532Z [ITTERM] error: Error ma'lumot
2025-05-16T11:03:07.909Z [ITTERM] error: Error ma'lumot
2025-05-16T11:04:18.448Z [ITTERM] error: Error ma'lumot
2025-05-16T11:06:26.543Z [ITTERM] error: Error ma'lumot
2025-05-16T11:11:33.298Z [ITTERM] error: Error ma'lumot
2025-05-16T11:14:37.274Z [ITTERM] error: unhandledRejection: UnHandledRejection example
Error: UnHandledRejection example
    at D:\Najot ta'lim\Fullstack\node.js\ITTERM\controllers\author.controller.js:140:14
    at new Promise (<anonymous>)
    at loginAuthor (D:\Najot ta'lim\Fullstack\node.js\ITTERM\controllers\author.controller.js:139:5)
    at process.processTicksAndRejections (node:internal/process/task_queues:105:5)
2025-05-16T11:19:37.677Z [ITTERM] error: Expected ',' or '}' after property value in JSON at position 41 (line 3 column 5)
2025-05-16T11:46:35.431Z [ITTERM] error: Expected ',' or '}' after property value in JSON at position 41 (line 3 column 5)
