2025-05-16T10:50:58.864Z [ITTERM] error: uncaughtException: Cannot set properties of undefined (setting 'exports')
TypeError: Cannot set properties of undefined (setting 'exports')
    at Object.<anonymous> (D:\Najot ta'lim\Fullstack\node.js\ITTERM\services\logger.service.js:28:16)
    at Module._compile (node:internal/modules/cjs/loader:1546:14)
    at Object..js (node:internal/modules/cjs/loader:1689:10)
    at Module.load (node:internal/modules/cjs/loader:1318:32)
    at Function._load (node:internal/modules/cjs/loader:1128:12)
    at TracingChannel.traceSync (node:diagnostics_channel:315:14)
    at wrapModuleLoad (node:internal/modules/cjs/loader:218:24)
    at Module.require (node:internal/modules/cjs/loader:1340:12)
    at require (node:internal/modules/helpers:141:16)
    at Object.<anonymous> (D:\Najot ta'lim\Fullstack\node.js\ITTERM\app.js:8:16)
2025-05-16T10:52:37.835Z [ITTERM] error: uncaughtException: UncaughtException example
Error: UncaughtException example
    at Timeout._onTimeout (D:\Najot ta'lim\Fullstack\node.js\ITTERM\controllers\author.controller.js:133:15)
    at listOnTimeout (node:internal/timers:594:17)
    at process.processTimers (node:internal/timers:529:7)
2025-05-16T10:53:11.506Z [ITTERM] error: uncaughtException: UnHandledRejection example
Error: UnHandledRejection example
    at D:\Najot ta'lim\Fullstack\node.js\ITTERM\controllers\author.controller.js:140:14
    at new Promise (<anonymous>)
    at loginAuthor (D:\Najot ta'lim\Fullstack\node.js\ITTERM\controllers\author.controller.js:139:5)
    at process.processTicksAndRejections (node:internal/process/task_queues:105:5)
2025-05-16T11:14:38.267Z [ITTERM] error: uncaughtException: UncaughtException example
Error: UncaughtException example
    at Timeout._onTimeout (D:\Najot ta'lim\Fullstack\node.js\ITTERM\controllers\author.controller.js:133:15)
    at listOnTimeout (node:internal/timers:594:17)
    at process.processTimers (node:internal/timers:529:7)
